[11:17:42] [main/INFO]: Loading Minecraft 26.1 with Fabric Loader 0.19.3
[11:17:42] [main/INFO]: Mappings not present!
[11:17:43] [main/INFO]: Loading 49 mods:
	- dasik-library 1.6.9+build.24
	- fabric-api 0.145.1+26.1
	   |-- fabric-api-base 2.0.3+ece0632347
	   |-- fabric-api-lookup-api-v1 2.0.10+d5a053b647
	   |-- fabric-biome-api-v1 18.0.4+35c80edc47
	   |-- fabric-block-api-v1 3.0.2+ec56b60147
	   |-- fabric-block-getter-api-v2 2.0.6+ec56b60147
	   |-- fabric-command-api-v2 3.0.5+e2bdee7847
	   |-- fabric-content-registries-v0 11.0.12+d871b99e47
	   |-- fabric-convention-tags-v2 4.3.2+c37e6e5f47
	   |-- fabric-crash-report-info-v1 1.0.3+9f78a5a847
	   |-- fabric-creative-tab-api-v1 5.0.10+d871b99e47
	   |-- fabric-data-attachment-api-v1 2.2.3+d602a89647
	   |-- fabric-data-generation-api-v1 24.0.17+35c80edc47
	   |-- fabric-debug-api-v1 1.0.1+c792624d47
	   |-- fabric-dimensions-v1 5.1.4+9cbf5da547
	   |-- fabric-entity-events-v1 5.0.2+e2bdee7847
	   |-- fabric-events-interaction-v0 5.1.10+c82f046147
	   |-- fabric-game-rule-api-v1 4.0.5+d871b99e47
	   |-- fabric-item-api-v1 14.1.0+9833182c47
	   |-- fabric-key-mapping-api-v1 2.0.4+e2bdee7847
	   |-- fabric-lifecycle-events-v1 4.0.6+a9b9c17647
	   |-- fabric-loot-api-v3 3.0.11+00a1fba647
	   |-- fabric-menu-api-v1 2.0.12+d871b99e47
	   |-- fabric-message-api-v1 7.0.5+dae8ce3e47
	   |-- fabric-model-loading-api-v1 8.0.1+c7e428fd47
	   |-- fabric-networking-api-v1 6.3.0+50a808ce47
	   |-- fabric-object-builder-api-v1 23.0.13+b61fef4347
	   |-- fabric-particles-v1 5.0.14+b61fef4347
	   |-- fabric-recipe-api-v1 9.0.13+be4b75ae47
	   |-- fabric-registry-sync-v0 7.0.12+b61fef4347
	   |-- fabric-renderer-api-v1 12.0.0+51b152e147
	   |-- fabric-renderer-indigo 8.0.0+51b152e147
	   |-- fabric-rendering-fluids-v1 6.0.1+d871b99e47
	   |-- fabric-rendering-v1 23.0.4+c7e428fd47
	   |-- fabric-resource-conditions-api-v1 6.0.5+00a1fba647
	   |-- fabric-resource-loader-v0 3.3.16+4fc5413f47
	   |-- fabric-resource-loader-v1 2.0.9+d871b99e47
	   |-- fabric-screen-api-v1 5.0.1+d871b99e47
	   |-- fabric-serialization-api-v1 2.0.3+11a26f3147
	   |-- fabric-sound-api-v1 2.0.4+11a26f3147
	   |-- fabric-tag-api-v1 2.0.9+11a26f3147
	   |-- fabric-transfer-api-v1 8.0.2+d871b99e47
	   \-- fabric-transitive-access-wideners-v1 8.0.11+d871b99e47
	- fabricloader 0.19.3
	   \-- mixinextras 0.5.4
	- java 25
	- minecraft 26.1
	- vanilla-outsider-true-sleep 1.3.2+build.13
[11:17:43] [main/INFO]: SpongePowered MIXIN Subsystem Version=0.8.7 Source=file:/E:/PCL/.minecraft/libraries/net/fabricmc/sponge-mixin/0.17.3+mixin.0.8.7/sponge-mixin-0.17.3+mixin.0.8.7.jar Service=Knot/Fabric Env=CLIENT
[11:17:44] [main/INFO]: Compatibility level set to JAVA_25
[11:17:47] [main/INFO]: Initializing MixinExtras via com.llamalad7.mixinextras.service.MixinExtrasServiceImpl(version=0.5.4).
[11:17:50] [Datafixer Bootstrap/INFO]: 291 Datafixer optimizations took 1498 milliseconds
[11:18:01] [Render thread/INFO]: Environment: Environment[sessionHost=http://127.0.0.1:51865/https/sessionserver.mojang.com, servicesHost=http://127.0.0.1:51865/https/api.minecraftservices.com, profilesHost=http://127.0.0.1:51865/https/api.mojang.com, name=PROD]
[11:18:01] [Render thread/INFO]: Setting user: Chris_xiaoyuan
[11:18:01] [Render thread/INFO]: Initializing Dasik Library (Engine v200)
[11:18:01] [Render thread/INFO]: Initializing True Sleep (Time Warp)...
[11:18:01] [Render thread/INFO]: Dreamweaver Protocol: Global Template Loaded.
[11:18:02] [Render thread/INFO]: [Indigo] Registering Indigo renderer!
[11:18:03] [Render thread/INFO]: Backend library: LWJGL version 3.4.1-snapshot
[11:18:03] [Render thread/WARN]: Detected unexpected shutdown during last game startup: resetting fullscreen mode
[11:18:03] [Render thread/INFO]: [STDOUT]: [lwjgl-unsafe-agent] Add exports java.base/jdk.internal.misc to <unnamed module for net.fabricmc.loader.impl.launch.knot.KnotClassLoader@47eaca72>
[11:18:03] [Render thread/INFO]: [STDOUT]: [lwjgl-unsafe-agent] Rewrote org.lwjgl.system.MemoryUtil.memGetByte(long)
[11:18:03] [Render thread/INFO]: [STDOUT]: [lwjgl-unsafe-agent] Rewrote org.lwjgl.system.MemoryUtil.memGetShort(long)
[11:18:03] [Render thread/INFO]: [STDOUT]: [lwjgl-unsafe-agent] Rewrote org.lwjgl.system.MemoryUtil.memGetInt(long)
[11:18:03] [Render thread/INFO]: [STDOUT]: [lwjgl-unsafe-agent] Rewrote org.lwjgl.system.MemoryUtil.memGetLong(long)
[11:18:03] [Render thread/INFO]: [STDOUT]: [lwjgl-unsafe-agent] Rewrote org.lwjgl.system.MemoryUtil.memGetFloat(long)
[11:18:03] [Render thread/INFO]: [STDOUT]: [lwjgl-unsafe-agent] Rewrote org.lwjgl.system.MemoryUtil.memGetDouble(long)
[11:18:03] [Render thread/INFO]: [STDOUT]: [lwjgl-unsafe-agent] Rewrote org.lwjgl.system.MemoryUtil.memPutByte(long, byte)
[11:18:03] [Render thread/INFO]: [STDOUT]: [lwjgl-unsafe-agent] Rewrote org.lwjgl.system.MemoryUtil.memPutShort(long, short)
[11:18:03] [Render thread/INFO]: [STDOUT]: [lwjgl-unsafe-agent] Rewrote org.lwjgl.system.MemoryUtil.memPutInt(long, int)
[11:18:03] [Render thread/INFO]: [STDOUT]: [lwjgl-unsafe-agent] Rewrote org.lwjgl.system.MemoryUtil.memPutLong(long, long)
[11:18:03] [Render thread/INFO]: [STDOUT]: [lwjgl-unsafe-agent] Rewrote org.lwjgl.system.MemoryUtil.memPutFloat(long, float)
[11:18:03] [Render thread/INFO]: [STDOUT]: [lwjgl-unsafe-agent] Rewrote org.lwjgl.system.MemoryUtil.memPutDouble(long, double)
[11:18:03] [Render thread/INFO]: [STDOUT]: [lwjgl-unsafe-agent] Rewrote org.lwjgl.system.MemoryUtil.memGetAddress(long)
[11:18:03] [Render thread/INFO]: [STDOUT]: [lwjgl-unsafe-agent] Rewrote org.lwjgl.system.MemoryUtil.memPutAddress(long, long)
[11:18:03] [Render thread/INFO]: [STDOUT]: [lwjgl-unsafe-agent] Successfully transformed MemoryUtil
[11:18:05] [Render thread/INFO]: Using optional rendering extensions: GL_ARB_buffer_storage, GL_KHR_debug, GL_ARB_vertex_attrib_binding, GL_ARB_direct_state_access, GL_EXT_texture_filter_anisotropic
[11:18:06] [Render thread/ERROR]: Mixin apply for mod vanilla-outsider-true-sleep failed truesleep.client.mixins.json:GuiMixin from mod vanilla-outsider-true-sleep -> net.minecraft.client.gui.Gui: org.spongepowered.asm.mixin.injection.throwables.InvalidInjectionException Critical injection failure: @Inject annotation on truesleep$removeSleepDarkening could not find any targets matching 'renderSleepOverlay' in net/minecraft/client/gui/Gui. No refMap loaded. [INJECT_PREPARE_LEGACY Applicator Phase -> truesleep.client.mixins.json:GuiMixin from mod vanilla-outsider-true-sleep -> Prepare Legacy Injections -> handler$bdb000$vanilla-outsider-true-sleep$truesleep$removeSleepDarkening(Lorg/spongepowered/asm/mixin/injection/callback/CallbackInfo;)V -> Parse ->  -> Validate Targets]
org.spongepowered.asm.mixin.injection.throwables.InvalidInjectionException: Critical injection failure: @Inject annotation on truesleep$removeSleepDarkening could not find any targets matching 'renderSleepOverlay' in net/minecraft/client/gui/Gui. No refMap loaded. [INJECT_PREPARE_LEGACY Applicator Phase -> truesleep.client.mixins.json:GuiMixin from mod vanilla-outsider-true-sleep -> Prepare Legacy Injections -> handler$bdb000$vanilla-outsider-true-sleep$truesleep$removeSleepDarkening(Lorg/spongepowered/asm/mixin/injection/callback/CallbackInfo;)V -> Parse ->  -> Validate Targets]
	at org.spongepowered.asm.mixin.injection.selectors.TargetSelectors.validate(TargetSelectors.java:346)
	at org.spongepowered.asm.mixin.injection.struct.InjectionInfo.readAnnotation(InjectionInfo.java:369)
	at org.spongepowered.asm.mixin.injection.struct.InjectionInfo.<init>(InjectionInfo.java:340)
	at org.spongepowered.asm.mixin.injection.struct.InjectionInfo.<init>(InjectionInfo.java:331)
	at org.spongepowered.asm.mixin.injection.struct.CallbackInjectionInfo.<init>(CallbackInjectionInfo.java:48)
	at java.base/jdk.internal.reflect.DirectConstructorHandleAccessor.newInstance(DirectConstructorHandleAccessor.java:62)
	at java.base/java.lang.reflect.Constructor.newInstanceWithCaller(Constructor.java:499)
	at java.base/java.lang.reflect.Constructor.newInstance(Constructor.java:483)
	at org.spongepowered.asm.mixin.injection.struct.InjectionInfo$InjectorEntry.create(InjectionInfo.java:196)
	at org.spongepowered.asm.mixin.injection.struct.InjectionInfo.parse(InjectionInfo.java:664)
	at org.spongepowered.asm.mixin.transformer.MixinTargetContext.prepareInjections(MixinTargetContext.java:1386)
	at org.spongepowered.asm.mixin.transformer.MixinApplicatorStandard.prepareInjections(MixinApplicatorStandard.java:811)
	at org.spongepowered.asm.mixin.transformer.MixinApplicatorStandard.lambda$runApplicatorPass$3(MixinApplicatorStandard.java:323)
	at org.spongepowered.asm.mixin.transformer.MixinApplicatorStandard.processMixins(MixinApplicatorStandard.java:381)
	at org.spongepowered.asm.mixin.transformer.MixinApplicatorStandard.runApplicatorPass(MixinApplicatorStandard.java:320)
	at org.spongepowered.asm.mixin.transformer.MixinApplicatorStandard.apply(MixinApplicatorStandard.java:240)
	at org.spongepowered.asm.mixin.transformer.TargetClassContext.apply(TargetClassContext.java:437)
	at org.spongepowered.asm.mixin.transformer.TargetClassContext.applyMixins(TargetClassContext.java:418)
	at org.spongepowered.asm.mixin.transformer.MixinProcessor.applyMixins(MixinProcessor.java:351)
	at org.spongepowered.asm.mixin.transformer.MixinTransformer.transformClass(MixinTransformer.java:237)
	at org.spongepowered.asm.mixin.transformer.MixinTransformer.transformClassBytes(MixinTransformer.java:202)
	at net.fabricmc.loader.impl.launch.knot.KnotClassDelegate.getPostMixinClassByteArray(KnotClassDelegate.java:435)
	at net.fabricmc.loader.impl.launch.knot.KnotClassDelegate.tryLoadClass(KnotClassDelegate.java:336)
	at net.fabricmc.loader.impl.launch.knot.KnotClassDelegate.loadClass(KnotClassDelegate.java:231)
	at net.fabricmc.loader.impl.launch.knot.KnotClassLoader.loadClass(KnotClassLoader.java:119)
	at java.base/java.lang.ClassLoader.loadClass(ClassLoader.java:490)
	at knot//net.minecraft.client.Minecraft.<init>(Minecraft.java:682)
	at knot//net.minecraft.client.main.Main.main(Main.java:232)
	at net.fabricmc.loader.impl.game.minecraft.MinecraftGameProvider.launch(MinecraftGameProvider.java:514)
	at net.fabricmc.loader.impl.launch.knot.Knot.launch(Knot.java:72)
	at net.fabricmc.loader.impl.launch.knot.KnotClient.main(KnotClient.java:23)
